0 info it worked if it ends with ok
1 verbose cli [ 'C:\\Program Files\\nodejs\\node.exe',
1 verbose cli   'C:\\Program Files\\nodejs\\node_modules\\npm\\bin\\npm-cli.js',
1 verbose cli   'start' ]
2 info using npm@3.10.10
3 info using node@v6.9.4
4 verbose run-script [ 'prestart', 'start', 'poststart' ]
5 info lifecycle rubberguppy@~prestart: rubberguppy@
6 silly lifecycle rubberguppy@~prestart: no script for prestart, continuing
7 info lifecycle rubberguppy@~start: rubberguppy@
8 verbose lifecycle rubberguppy@~start: unsafe-perm in lifecycle true
9 verbose lifecycle rubberguppy@~start: PATH: C:\Program Files\nodejs\node_modules\npm\bin\node-gyp-bin;C:\Users\jordan\work\rubber\node_modules\.bin;C:\Users\jordan\.gem\ruby\1.8\bin\;C:\Users\jordan\work\ouroboros\bin;C:\Users\jordan\bin;C:\Users\jordan\opt\bin;C:\rez\Scripts\rez;C:\Users\jordan\bin;C:\Program Files\Git\mingw64\bin;C:\Program Files\Git\usr\local\bin;C:\Program Files\Git\usr\bin;C:\Program Files\Git\usr\bin;C:\Program Files\Git\mingw64\bin;C:\Program Files\Git\usr\bin;C:\Users\jordan\bin;C:\Program Files\ConEmu\ConEmu\Scripts;C:\Program Files\ConEmu;C:\Program Files\ConEmu\ConEmu;C:\Program Files\Docker\Docker\Resources\bin;C:\Program Files\Oculus\Support\oculus-runtime;C:\VulkanSDK\1.0.42.0\Bin;C:\Program Files (x86)\Python35-32\Scripts;C:\Program Files (x86)\Python35-32;C:\Program Files\NVIDIA GPU Computing Toolkit\CUDA\v7.5\bin;C:\Program Files\NVIDIA GPU Computing Toolkit\CUDA\v7.5\libnvvp;C:\Program Files (x86)\Intel\iCLS Client;C:\Program Files\Intel\iCLS Client;C:\ProgramData\Oracle\Java\javapath;C:\Windows\system32;C:\Windows;C:\Windows\System32\Wbem;C:\Windows\System32\WindowsPowerShell\v1.0;C:\Program Files (x86)\QuickTime\QTSystem;C:\Program Files\Intel\Intel(R) Management Engine Components\DAL;C:\Program Files\Intel\Intel(R) Management Engine Components\IPT;C:\Program Files (x86)\Intel\Intel(R) Management Engine Components\DAL;C:\Program Files (x86)\Intel\Intel(R) Management Engine Components\IPT;C:\Program Files (x86)\NVIDIA Corporation\PhysX\Common;C:\Program Files\Git\cmd;C:\Program Files\Microsoft SQL Server\110\Tools\Binn;C:\Program Files\Microsoft SQL Server\120\Tools\Binn;C:\ProgramData\chocolatey\bin;C:\Python27;C:\Python27\Scripts;C:\Program Files (x86)\Windows Kits\10\Windows Performance Toolkit;C:\Program Files (x86)\GnuWin32\bin;C:\Program Files\Perforce;C:\Program Files\Perforce\DVCS;C:\Program Files\Mercurial;C:\Program Files\TortoiseHg;C:\Program Files (x86)\GtkSharp\2.12\bin;C:\Program Files\dotnet;C:\Program Files (x86)\MSBuild\14.0\Bin\amd64;C:\Go\bin;C:\Program Files\nodejs;C:\Program Files\CMake\bin;C:\Program Files\LLVM\bin;C:\Program Files\mingw-w64\x86_64-6.3.0-posix-seh-rt_v5-rev1\mingw64\bin;C:\Program Files\ctags58;C:\Program Files (x86)\Skype\Phone;C:\WINDOWS\system32;C:\WINDOWS;C:\WINDOWS\System32\Wbem;C:\WINDOWS\System32\WindowsPowerShell\v1.0;C:\Program Files\gevorkyan.org\MicroProfiler;C:\Program Files\gevorkyan.org\MicroProfiler\x86;C:\HashiCorp\Vagrant\bin;C:\Program Files (x86)\Brackets\command;C:\Users\jordan\Anaconda3;C:\Users\jordan\Anaconda3\Library\mingw-w64\bin;C:\Users\jordan\Anaconda3\Library\usr\bin;C:\Users\jordan\Anaconda3\Library\bin;C:\Users\jordan\Anaconda3\Scripts;C:\Users\jordan\Anaconda2;C:\Users\jordan\Anaconda2\Scripts;C:\Users\jordan\Anaconda2\Library\bin;C:\Users\jordan\.cargo\bin;C:\Users\jordan\Miniconda3;C:\Users\jordan\Miniconda3\Scripts;C:\Users\jordan\Miniconda3\Library\bin;C:\Users\jordan\AppData\Local\atom\bin;C:\opencv\build\bin;C:\opencv\build\x64\vc12\bin;C:\Program Files (x86)\Microsoft VS Code\bin;C:\Program Files\Cppcheck;C:\Users\jordan\AppData\Local\Microsoft\WindowsApps;C:\Users\jordan\AppData\Roaming\npm;C:\Program Files (x86)\Dr. Memory\bin;C:\Program Files\Git\usr\bin\vendor_perl;C:\Program Files\Git\usr\bin\core_perl;C:\Users\jordan\bin;C:\Users\jordan\.ellipsis\bin
10 verbose lifecycle rubberguppy@~start: CWD: C:\Users\jordan\work\rubber
11 silly lifecycle rubberguppy@~start: Args: [ '/d /s /c', 'bash bootstrap.sh development --server' ]
12 silly lifecycle rubberguppy@~start: Returned: code: 1  signal: null
13 info lifecycle rubberguppy@~start: Failed to exec start script
14 verbose stack Error: rubberguppy@ start: `bash bootstrap.sh development --server`
14 verbose stack Exit status 1
14 verbose stack     at EventEmitter.<anonymous> (C:\Program Files\nodejs\node_modules\npm\lib\utils\lifecycle.js:255:16)
14 verbose stack     at emitTwo (events.js:106:13)
14 verbose stack     at EventEmitter.emit (events.js:191:7)
14 verbose stack     at ChildProcess.<anonymous> (C:\Program Files\nodejs\node_modules\npm\lib\utils\spawn.js:40:14)
14 verbose stack     at emitTwo (events.js:106:13)
14 verbose stack     at ChildProcess.emit (events.js:191:7)
14 verbose stack     at maybeClose (internal/child_process.js:877:16)
14 verbose stack     at Process.ChildProcess._handle.onexit (internal/child_process.js:226:5)
15 verbose pkgid rubberguppy@
16 verbose cwd C:\Users\jordan\work\rubber\src
17 error Windows_NT 10.0.15063
18 error argv "C:\\Program Files\\nodejs\\node.exe" "C:\\Program Files\\nodejs\\node_modules\\npm\\bin\\npm-cli.js" "start"
19 error node v6.9.4
20 error npm  v3.10.10
21 error code ELIFECYCLE
22 error rubberguppy@ start: `bash bootstrap.sh development --server`
22 error Exit status 1
23 error Failed at the rubberguppy@ start script 'bash bootstrap.sh development --server'.
23 error Make sure you have the latest version of node.js and npm installed.
23 error If you do, this is most likely a problem with the rubberguppy package,
23 error not with npm itself.
23 error Tell the author that this fails on your system:
23 error     bash bootstrap.sh development --server
23 error You can get information on how to open an issue for this project with:
23 error     npm bugs rubberguppy
23 error Or if that isn't available, you can get their info via:
23 error     npm owner ls rubberguppy
23 error There is likely additional logging output above.
24 verbose exit [ 1, true ]
